1600222916766	geckodriver	INFO	Listening on 127.0.0.1:52615
1600222919874	mozrunner::runner	INFO	Running command: "C:\\Program Files\\Mozilla Firefox\\firefox.exe" "--marionette" "-foreground" "-no-remote" "-profile" "C:\\Users\\yuvraj\\AppData\\Local\\Temp\\rust_mozprofile3lE351"
JavaScript error: resource://gre/modules/XULStore.jsm, line 66: Error: Can't find profile directory.
console.error: SearchCache: "_readCacheFile: Error reading cache file:" (new Error("", "(unknown module)"))
1600222928663	Marionette	INFO	Listening on port 52623
1600222928933	Marionette	WARN	TLS certificate errors will be ignored for this session
1600222993536	Marionette	INFO	Stopped listening on port 52623

###!!! [Child][RunMessage] Error: Channel closing: too late to send/recv, messages will be lost


###!!! [Child][MessageChannel::SendAndWait] Error: Channel error: cannot send/recv

\Temp\\rust_mozprofileJx54NI"
JavaScript error: resource://gre/modules/XULStore.jsm, line 66: Error: Can't find profile directory.
console.error: SearchCache: "_readCacheFile: Error reading cache file:" (new Error("", "(unknown module)"))
1600222945202	Marionette	INFO	Listening on port 52665
1600222945332	Marionette	WARN	TLS certificate errors will be ignored for this session
1600222988135	Marionette	INFO	Stopped listening on port 52665

###!!! [Child][RunMessage] Error: Channel closing: too late to send/recv, messages will be lost


###!!! [Child][MessageChannel::SendAndWait] Error: Channel error: cannot send/recv

1600223013719	geckodriver	INFO	Listening on 127.0.0.1:52704
1600223016785	mozrunner::runner	INFO	Running command: "C:\\Program Files\\Mozilla Firefox\\firefox.exe" "--marionette" "-foreground" "-no-remote" "-profile" "C:\\Users\\yuvraj\\AppData\\Local\\Temp\\rust_mozprofileLxQ2x7"
JavaScript error: resource://gre/modules/XULStore.jsm, line 66: Error: Can't find profile directory.
console.error: SearchCache: "_readCacheFile: Error reading cache file:" (new Error("", "(unknown module)"))
1600223021361	Marionette	INFO	Listening on port 52712
1600223021544	Marionette	WARN	TLS certificate errors will be ignored for this session
1600223591601	Marionette	INFO	Stopped listening on port 52712

###!!! [Child][RunMessage] Error: Channel closing: too late to send/recv, messages will be lost


###!!! [Child][MessageChannel::SendAndWait] Error: (msgtype=0x5E0005,name=PImageBridge::Msg_WillClose) Channel error: cannot send/recv

urce://gre/modules/XULStore.jsm, line 66: Error: Can't find profile directory.
console.error: SearchCache: "_readCacheFile: Error reading cache file:" (new Error("", "(unknown module)"))
console.error: "Could not write session state file " (new Error("_initWorker called too early! Please read the session file from disk first.", "resource:///modules/sessionstore/SessionFile.jsm", 375)) "_initWorker/<@resource:///modules/sessionstore/SessionFile.jsm:375:15\n_initWorker@resource:///modules/sessionstore/SessionFile.jsm:368:12\n_postToWorker@resource:///modules/sessionstore/SessionFile.jsm:410:16\nwrite@resource:///modules/sessionstore/SessionFile.jsm:448:24\nwrite@resource:///modules/sessionstore/SessionFile.jsm:75:32\n_writeState@resource:///modules/sessionstore/SessionSaver.jsm:360:24\n_saveState@resource:///modules/sessionstore/SessionSaver.jsm:294:17\n_saveStateAsync@resource:///modules/sessionstore/SessionSaver.jsm:344:10\nsaveStateAsyncWhenIdle@resource:///modules/sessionstore/SessionSaver.jsm:191:14\ncallback@resource://gre/modules/Timer.jsm:127:16\n"
1600223044081	Marionette	INFO	Listening on port 52795
1600223044532	Marionette	WARN	TLS certificate errors will be ignored for this session

###!!! [Child][MessageChannel] Error: (msgtype=0x5A000D,name=PHttpChannel::Msg_DeletingChannel) Channel closing: too late to send/recv, messages will be lost

[Parent 12388, Gecko_IOThread] WARNING: file /builds/worker/checkouts/gecko/ipc/chromium/src/base/process_util_win.cc, line 166
1600223590966	Marionette	INFO	Stopped listening on port 52795

###!!! [Child][RunMessage] Error: Channel closing: too late to send/recv, messages will be lost


###!!! [Child][MessageChannel::SendAndWait] Error: Channel error: cannot send/recv

88
1600223135298	Marionette	WARN	TLS certificate errors will be ignored for this session
1600223570291	Marionette	INFO	Stopped listening on port 52888

###!!! [Child][RunMessage] Error: Channel closing: too late to send/recv, messages will be lost


###!!! [Child][MessageChannel::SendAndWait] Error: Channel error: cannot send/recv

\Temp\\rust_mozprofilevmvhQP"
JavaScript error: resource://gre/modules/XULStore.jsm, line 66: Error: Can't find profile directory.
console.error: SearchCache: "_readCacheFile: Error reading cache file:" (new Error("", "(unknown module)"))
1600223161502	Marionette	INFO	Listening on port 52964
1600223163219	Marionette	WARN	TLS certificate errors will be ignored for this session

###!!! [Child][RunMessage] Error: Channel closing: too late to send/recv, messages will be lost

1600223580946	Marionette	INFO	Stopped listening on port 52964

###!!! [Child][MessageChannel::SendAndWait] Error: Channel error: cannot send/recv

\Temp\\rust_mozprofile2xEC1P"
JavaScript error: resource://gre/modules/XULStore.jsm, line 66: Error: Can't find profile directory.
console.error: SearchCache: "_readCacheFile: Error reading cache file:" (new Error("", "(unknown module)"))
1600223240608	Marionette	INFO	Listening on port 53065
1600223240996	Marionette	WARN	TLS certificate errors will be ignored for this session

###!!! [Child][MessageChannel] Error: (msgtype=0x5A000D,name=PHttpChannel::Msg_DeletingChannel) Channel closing: too late to send/recv, messages will be lost

[Parent 15916, Gecko_IOThread] WARNING: file /builds/worker/checkouts/gecko/ipc/chromium/src/base/process_util_win.cc, line 166
console.error: (new Error("SessionFile is closed", "resource:///modules/sessionstore/SessionFile.jsm", 433))
1600223586872	Marionette	INFO	Stopped listening on port 53065

###!!! [Child][RunMessage] Error: Channel closing: too late to send/recv, messages will be lost


###!!! [Child][MessageChannel::SendAndWait] Error: Channel error: cannot send/recv

o_IOThread] WARNING: file /builds/worker/checkouts/gecko/ipc/chromium/src/base/process_util_win.cc, line 166
console.error: (new Error("SessionFile is closed", "resource:///modules/sessionstore/SessionFile.jsm", 433))
1600223588972	Marionette	INFO	Stopped listening on port 53153

###!!! [Child][RunMessage] Error: Channel closing: too late to send/recv, messages will be lost


###!!! [Child][MessageChannel::SendAndWait] Error: Channel error: cannot send/recv


1600223372252	Marionette	INFO	Listening on port 53244
1600223372337	Marionette	WARN	TLS certificate errors will be ignored for this session
[Parent 18540, Gecko_IOThread] WARNING: file /builds/worker/checkouts/gecko/ipc/chromium/src/base/process_util_win.cc, line 166
console.error: (new Error("SessionFile is closed", "resource:///modules/sessionstore/SessionFile.jsm", 433))
1600223589398	Marionette	INFO	Stopped listening on port 53244

###!!! [Child][MessageChannel::SendAndWait] Error: Channel error: cannot send/recv

e.error: SearchCache: "_readCacheFile: Error reading cache file:" (new Error("", "(unknown module)"))
1600223395602	Marionette	INFO	Listening on port 53326
1600223395967	Marionette	WARN	TLS certificate errors will be ignored for this session

###!!! [Child][RunMessage] Error: Channel closing: too late to send/recv, messages will be lost

[Parent 20664, Gecko_IOThread] WARNING: file /builds/worker/checkouts/gecko/ipc/chromium/src/base/process_util_win.cc, line 166
1600223589373	Marionette	INFO	Stopped listening on port 53326

###!!! [Child][RunMessage] Error: Channel closing: too late to send/recv, messages will be lost


###!!! [Child][MessageChannel::SendAndWait] Error: Channel error: cannot send/recv

odule)"))
1600223483556	Marionette	INFO	Listening on port 53432
1600223483733	Marionette	WARN	TLS certificate errors will be ignored for this session
[Child 21592, Chrome_ChildThread] WARNING: pipe error: 232: file /builds/worker/checkouts/gecko/ipc/chromium/src/chrome/common/ipc_channel_win.cc, line 545
[Parent 7952, Gecko_IOThread] WARNING: file /builds/worker/checkouts/gecko/ipc/chromium/src/base/process_util_win.cc, line 166
1600223588974	Marionette	INFO	Stopped listening on port 53432

###!!! [Child][RunMessage] Error: Channel closing: too late to send/recv, messages will be lost


###!!! [Child][MessageChannel::SendAndWait] Error: Channel error: cannot send/recv

ort 53514
1600223502731	Marionette	WARN	TLS certificate errors will be ignored for this session

###!!! [Child][RunMessage] Error: Channel closing: too late to send/recv, messages will be lost

1600223590338	Marionette	INFO	Stopped listening on port 53514

###!!! [Child][RunMessage] Error: Channel closing: too late to send/recv, messages will be lost


###!!! [Child][MessageChannel::SendAndWait] Error: Channel error: cannot send/recv

1600223624806	geckodriver	INFO	Listening on 127.0.0.1:53613
1600223628937	mozrunner::runner	INFO	Running command: "C:\\Program Files\\Mozilla Firefox\\firefox.exe" "--marionette" "-foreground" "-no-remote" "-profile" "C:\\Users\\yuvraj\\AppData\\Local\\Temp\\rust_mozprofileJDwA8L"
JavaScript error: resource://gre/modules/XULStore.jsm, line 66: Error: Can't find profile directory.
console.error: SearchCache: "_readCacheFile: Error reading cache file:" (new Error("", "(unknown module)"))
1600223633593	Marionette	INFO	Listening on port 53622
1600223633756	Marionette	WARN	TLS certificate errors will be ignored for this session

###!!! [Child][MessageChannel] Error: (msgtype=0x5A000D,name=PHttpChannel::Msg_DeletingChannel) Channel closing: too late to send/recv, messages will be lost

[Parent 1168, Gecko_IOThread] WARNING: file /builds/worker/checkouts/gecko/ipc/chromium/src/base/process_util_win.cc, line 166
1600223705516	Marionette	INFO	Stopped listening on port 53622

###!!! [Child][RunMessage] Error: Channel closing: too late to send/recv, messages will be lost


###!!! [Child][MessageChannel::SendAndWait] Error: Channel error: cannot send/recv

695
1600223650145	Marionette	WARN	TLS certificate errors will be ignored for this session
SourceActor threw an exception: [Exception... "Failed to open input source 'file:///'"  nsresult: "0x80004005 (NS_ERROR_FAILURE)"  location: "JS frame :: resource://devtools/shared/DevToolsUtils.js :: mainThreadFetch/< :: line 661"  data: yes]
Stack: mainThreadFetch/<@resource://devtools/shared/DevToolsUtils.js:661:15
mainThreadFetch@resource://devtools/shared/DevToolsUtils.js:509:10
_fetchURLContents@resource://devtools/server/actors/utils/TabSources.js:440:22
urlContents@resource://devtools/server/actors/utils/TabSources.js:407:17
_resurrectSource@resource://devtools/server/actors/thread.js:2063:69
addAllSources@resource://devtools/server/actors/thread.js:1446:14
onSources@resource://devtools/server/actors/thread.js:1452:10
onPacket@resource://devtools/server/devtools-server-connection.js:379:58
receiveMessage@resource://devtools/shared/transport/child-transport.js:66:16
Line: 661, column: 0
console.error: ({})
JavaScript error: resource://devtools/shared/DevToolsUtils.js, line 661: NS_ERROR_FAILURE: Failed to open input source 'file:///'

###!!! [Child][MessageChannel] Error: (msgtype=0x5A000D,name=PHttpChannel::Msg_DeletingChannel) Channel closing: too late to send/recv, messages will be lost

1600223705273	Marionette	INFO	Stopped listening on port 53695

###!!! [Child][RunMessage] Error: Channel closing: too late to send/recv, messages will be lost


###!!! [Child][MessageChannel::SendAndWait] Error: Channel error: cannot send/recv

1600223760603	geckodriver	INFO	Listening on 127.0.0.1:53775
1600223763658	mozrunner::runner	INFO	Running command: "C:\\Program Files\\Mozilla Firefox\\firefox.exe" "--marionette" "-foreground" "-no-remote" "-profile" "C:\\Users\\yuvraj\\AppData\\Local\\Temp\\rust_mozprofileetVZpV"
JavaScript error: resource://gre/modules/XULStore.jsm, line 66: Error: Can't find profile directory.
console.error: SearchCache: "_readCacheFile: Error reading cache file:" (new Error("", "(unknown module)"))
1600223770397	Marionette	INFO	Listening on port 53783
1600223770571	Marionette	WARN	TLS certificate errors will be ignored for this session
1600223842490	Marionette	INFO	Stopped listening on port 53783

###!!! [Child][RunMessage] Error: Channel closing: too late to send/recv, messages will be lost


###!!! [Child][MessageChannel::SendAndWait] Error: Channel error: cannot send/recv

\Temp\\rust_mozprofileYDrZFy"
JavaScript error: resource://gre/modules/XULStore.jsm, line 66: Error: Can't find profile directory.
console.error: SearchCache: "_readCacheFile: Error reading cache file:" (new Error("", "(unknown module)"))
1600223787636	Marionette	INFO	Listening on port 53863
1600223788045	Marionette	WARN	TLS certificate errors will be ignored for this session
console.error: Region.jsm: "Error fetching region" (new AbortError("The operation was aborted. ", (void 0), 689))
console.error: Region.jsm: "Failed to fetch region" (new Error("NO_RESULT", "resource://gre/modules/Region.jsm", 343))

###!!! [Child][MessageChannel] Error: (msgtype=0x5A000D,name=PHttpChannel::Msg_DeletingChannel) Channel closing: too late to send/recv, messages will be lost

1600223843776	Marionette	INFO	Stopped listening on port 53863

###!!! [Child][RunMessage] Error: Channel closing: too late to send/recv, messages will be lost


###!!! [Child][MessageChannel::SendAndWait] Error: Channel error: cannot send/recv

1600223853501	geckodriver	INFO	Listening on 127.0.0.1:53934
1600223856569	mozrunner::runner	INFO	Running command: "C:\\Program Files\\Mozilla Firefox\\firefox.exe" "--marionette" "-foreground" "-no-remote" "-profile" "C:\\Users\\yuvraj\\AppData\\Local\\Temp\\rust_mozprofilebbSkaP"
JavaScript error: resource://gre/modules/XULStore.jsm, line 66: Error: Can't find profile directory.
console.error: SearchCache: "_readCacheFile: Error reading cache file:" (new Error("", "(unknown module)"))
1600223860651	Marionette	INFO	Listening on port 53943
1600223860751	Marionette	WARN	TLS certificate errors will be ignored for this session
1600223929393	Marionette	INFO	Stopped listening on port 53943

###!!! [Child][RunMessage] Error: Channel closing: too late to send/recv, messages will be lost


###!!! [Child][MessageChannel::SendAndWait] Error: Channel error: cannot send/recv

\Temp\\rust_mozprofileIcJfJa"
JavaScript error: resource://gre/modules/XULStore.jsm, line 66: Error: Can't find profile directory.
console.error: SearchCache: "_readCacheFile: Error reading cache file:" (new Error("", "(unknown module)"))
1600223878022	Marionette	INFO	Listening on port 54026
1600223878309	Marionette	WARN	TLS certificate errors will be ignored for this session
JavaScript error: , line 0: TypeError: NetworkError when attempting to fetch resource.

###!!! [Child][RunMessage] Error: Channel closing: too late to send/recv, messages will be lost


###!!! [Child][RunMessage] Error: Channel closing: too late to send/recv, messages will be lost

1600223927145	Marionette	INFO	Stopped listening on port 54026

###!!! [Child][RunMessage] Error: Channel closing: too late to send/recv, messages will be lost


###!!! [Child][MessageChannel::SendAndWait] Error: Channel error: cannot send/recv

1600224051526	geckodriver	INFO	Listening on 127.0.0.1:54190
1600224054641	mozrunner::runner	INFO	Running command: "C:\\Program Files\\Mozilla Firefox\\firefox.exe" "--marionette" "-foreground" "-no-remote" "-profile" "C:\\Users\\yuvraj\\AppData\\Local\\Temp\\rust_mozprofileS8tOb6"
JavaScript error: resource://gre/modules/XULStore.jsm, line 66: Error: Can't find profile directory.
console.error: SearchCache: "_readCacheFile: Error reading cache file:" (new Error("", "(unknown module)"))
1600224059965	Marionette	INFO	Listening on port 54198
1600224060452	Marionette	WARN	TLS certificate errors will be ignored for this session
1600224685670	addons.xpi	ERROR	System addon update list error Error: Failed downloading XML, status: 0, reason: error

###!!! [Child][MessageChannel] Error: (msgtype=0x5A000D,name=PHttpChannel::Msg_DeletingChannel) Channel closing: too late to send/recv, messages will be lost

1600225639728	Marionette	INFO	Stopped listening on port 54198

###!!! [Child][RunMessage] Error: Channel closing: too late to send/recv, messages will be lost


###!!! [Child][MessageChannel::SendAndWait] Error: Channel error: cannot send/recv

n port 54282
1600224076701	Marionette	WARN	TLS certificate errors will be ignored for this session
1600224582966	addons.xpi	ERROR	System addon update list error Error: Failed downloading XML, status: 0, reason: error

###!!! [Child][RunMessage] Error: Channel closing: too late to send/recv, messages will be lost

1600225638427	Marionette	INFO	Stopped listening on port 54282

###!!! [Child][RunMessage] Error: Channel closing: too late to send/recv, messages will be lost


###!!! [Child][MessageChannel::SendAndWait] Error: Channel error: cannot send/recv

1600225669353	geckodriver	INFO	Listening on 127.0.0.1:54548
1600225672455	mozrunner::runner	INFO	Running command: "C:\\Program Files\\Mozilla Firefox\\firefox.exe" "--marionette" "-foreground" "-no-remote" "-profile" "C:\\Users\\yuvraj\\AppData\\Local\\Temp\\rust_mozprofilejza7Xv"
JavaScript error: resource://gre/modules/XULStore.jsm, line 66: Error: Can't find profile directory.
console.error: SearchCache: "_readCacheFile: Error reading cache file:" (new Error("", "(unknown module)"))
1600225676820	Marionette	INFO	Listening on port 54556
1600225677266	Marionette	WARN	TLS certificate errors will be ignored for this session
[Child 3240, Chrome_ChildThread] WARNING: pipe error: 232: file /builds/worker/checkouts/gecko/ipc/chromium/src/chrome/common/ipc_channel_win.cc, line 545
1600226363634	Marionette	INFO	Stopped listening on port 54556

###!!! [Child][RunMessage] Error: Channel closing: too late to send/recv, messages will be lost


###!!! [Child][MessageChannel::SendAndWait] Error: Channel error: cannot send/recv

he: "_readCacheFile: Error reading cache file:" (new Error("", "(unknown module)"))
1600225693683	Marionette	INFO	Listening on port 54636
1600225693752	Marionette	WARN	TLS certificate errors will be ignored for this session
JavaScript error: , line 0: TypeError: NetworkError when att1600225744626	mozrunner::runconsole.warn: LoginRecipes: "getRecipes: falling back to a synchronous message for:" "https://accounts.google.com"
console.error: (new TypeError("parent is null", "resource://devtools/client/inspector/shared/style-change-tracker.js", 67))
TypeError: parent is null: canMutationImpactCurrentStyles@resource://devtools/client/inspector/shared/style-change-tracker.js:67:24
onMutations@resource://devtools/client/inspector/shared/style-change-tracker.js:84:41
_emit@resource://devtools/shared/event-emitter.js:226:34
emit@resource://devtools/shared/event-emitter.js:172:18
emit@resource://devtools/shared/event-emitter.js:324:18
getMutations@resource://devtools/client/fronts/walker.js:406:10

console.error: (new Typ1600226376352	addons.xpi	ERROR	System addon update list error Error: Failed downloading XML, status: 0, reason: error
[Parent 21264, Gecko_IOThread] WARNING: file /builds/worker/checkouts/gecko/ipc/chromium/src/base/process_util_win.cc, line 166
1600226380966	Marionette	INFO	Stopped listening on port 54738

###!!! [Child][RunMessage] Error: Channel closing: too late to send/recv, messages will be lost


###!!! [Child][MessageChannel::SendAndWait] Error: Channel error: cannot send/recv

ations@resource://devtools/client/fronts/walker.js:406:10

console.warn: LoginRecipes: "getRecipes: falling back to a synchronous message for:" "https://accounts.google.com"
console.error: (new TypeError("parent is null", "resource://devtools/client/inspector/shared/style-change-tracker.js", 67))
TypeError: parent is null: canMutationImpactCurrentStyles@resource://devtools/client/inspector/shared/style-change-tracker.js:67:24
onMutations@resource://devtools/client/inspector/shared/style-change-tracker.js:84:41
_emit@resource://devtools/shared/event-emitter.js:226:34
emit@resource://devtools/shared/event-emitter.js:172:18
emit@resource://devtools/shared/event-emitter.js:324:18
getMutations@resource://devtools/client/fronts/walker.js:406:10

console.error: (new TypeError("parent is null", "resource://devtools/client/inspector/shared/style-change-tracker.js", 67))
TypeError: parent is null: canMutationImpactCurrentStyles@resource://devtools/client/inspector/shared/style-change-tracker.js:67:24
onMutations@resource://devtools/client/inspector/shared/style-change-tracker.js:84:41
_emit@resource://devtools/shared/event-emitter.js:226:34
emit@resource://devtools/shared/event-emitter.js:172:18
emit@resource://devtools/shared/event-emitter.js:324:18
getMutations@resource://devtools/client/fronts/walker.js:406:10

console.error: "Error while calling actor 'pagestyle's method 'getLayout'" "node is null"
console.error: "getLayout@resource://devtools/server/actors/styles.js:1012:5\nhandler@resource://devtools/shared/protocol/Actor.js:162:37\nonPacket@resource://devtools/server/devtools-server-connection.js:379:58\nreceiveMessage@resource://devtools/shared/transport/child-transport.js:66:16\n"
console.error: (new Error("Protocol error (TypeError): node is null from: server0.conn0.child2/pagestyle26 (resource://devtools/server/actors/styles.js:1012:5)", "resource://devtools/shared/protocol/Front.js", 323))
console.warn: LoginRecipes: "getRecipes: falling back to a synchronous message for:" "https://accounts.google.com"
console.error: (new TypeError("parent is null", "resource://devtools/client/inspector/shared/style-change-tracker.js", 67))
TypeError: parent is null: canMutationImpactCurrentStyles@resource://devtools/client/inspector/shared/style-change-tracker.js:67:24
onMutations@resource://devtools/client/inspector/shared/style-change-tracker.js:84:41
_emit@resource://devtools/shared/event-emitter.js:226:34
emit@resource://devtools/shared/event-emitter.js:172:18
emit@resource://devtools/shared/event-emitter.js:324:18
getMutations@resource://devtools/client/fronts/walker.js:406:10

console.error: (new TypeError("parent is null", "resource://devtools/client/inspector/shared/style-change-tracker.js", 67))
TypeError: parent is null: canMutationImpactCurrentStyles@resource://devtools/client/inspector/shared/style-change-tracker.js:67:24
onMutations@resource://devtools/client/inspector/shared/style-change-tracker.js:84:41
_emit@resource://devtools/shared/event-emitter.js:226:34
emit@resource://devtools/shared/event-emitter.js:172:18
emit@resource://devtools/shared/event-emitter.js:324:18
getMutations@resource://devtools/client/fronts/walker.js:406:10

console.warn: LoginRecipes: "getRecipes: falling back to a synchronous message for:" "https://accounts.google.com"
console.error: "Error while calling actor 'pagestyle's method 'getLayout'" "node is null"
console.error: "getLayout@resource://devtools/server/actors/styles.js:1012:5\nhandler@resource://devtools/shared/protocol/Actor.js:162:37\nonPacket@resource://devtools/server/devtools-server-connection.js:379:58\nreceiveMessage@resource://devtools/shared/transport/child-transport.js:66:16\n"
console.error: "Error while calling actor 'pagestyle's method 'getLayout'" "node is null"
console.error: "getLayout@resource://devtools/server/actors/styles.js:1012:5\nhandler@resource://devtools/shared/protocol/Actor.js:162:37\nonPacket@resource://devtools/server/devtools-server-connection.js:379:58\nreceiveMessage@resource://devtools1600226380793	Marionette	INFO	Stopped listening on port 54890

###!!! [Child][RunMessage] Error: Channel closing: too late to send/recv, messages will be lost


###!!! [Child][MessageChannel::SendAndWait] Error: Channel error: cannot send/recv

ient/inspector/shared/style-change-tracker.js:67:24
onMutations@resource://devtools/client/inspector/shared/style-change-tracker.js:84:41
_emit@resource://devtools/shared/event-emitter.js:226:34
emit@resource://devtools/shared/event-emitter.js:172:18
emit@resource://devtools/shared/event-emitter.js:324:18
getMutations@resource://devtools/client/fronts/walker.js:406:10

console.error: (new TypeError("nodeFront.walkerFront is null", "resource://devtools/client/inspector/markup/markup.js", 925))
TypeError: nodeFront.walkerFront is null: _onNewSelection@resource://devtools/client/inspector/markup/markup.js:925:7
_emit@resource://devtools/shared/event-emitter.js:226:34
emit@resource://devtools/shared/event-emitter.js:172:18
emit@resource://devtools/shared/event-emitter.js:324:18
setNodeFront@resource://devtools/client/framework/selection.js:161:10
onDetached@resource://devtools/client/inspector/inspector.js:1630:20
_emit@resource://devtools/shared/event-emitter.js:226:34
emit@resource://devtools/shared/event-emitter.js:172:18
emit@resource://devtools/shared/event-emitter.js:324:18
_onMutations@resource://devtools/client/framework/selection.js:104:12
_emit@resource://devtools/shared/event-emitter.js:226:34
emit@resource://devtools/shared/event-emitter.js:172:18
emit@resource://devtools/shared/event-emitter.js:324:18
getMutations@resource://devtools/client/fronts/walker.js:406:10

console.error: (new Erro[Parent 15500, Gecko_IOThread] WARNING: file /builds/worker/checkouts/gecko/ipc/chromium/src/base/process_util_win.cc, line 166
1600226380965	Marionette	INFO	Stopped listening on port 54986

###!!! [Child][MessageChannel::SendAndWait] Error: Channel error: cannot send/recv

//devtools/server/actors/styles.js:1012:5)", "resource://devtools/shared/protocol/Front.js", 323))
console.error: (new Error("Protocol error (TypeError): node is null from: server0.conn0.child2/pagestyle26 (resource://devtools/server/actors/styles.js:1012:5)", "resource://devtools/shared/protocol/Front.js", 323))
JavaScript error: resource://devtools/client/inspector/inspector.js, line 1539: TypeError: targetFront is null
console.error: (new TypeError("parent is null", "resource://devtools/client/inspector/shared/style-change-tracker.js", 67))
TypeError: parent is null: canMutationImpactCurrentStyles@resource://devtools/client/inspector/shared/style-change-tracker.js:67:24
onMutations@resource://devtools/client/inspector/shared/style-change-tracker.js:84:41
_emit@resource://devtools/shared/event-emitter.js:226:34
emit@resource://devtools/shared/event-emitter.js:172:18
emit@resource://devtools/shared/event-emitter.js:324:18
getMutations@resource://devtools/client/fronts/walker.js:406:10

console.error: (new TypeError("parent is null", "resource://devtools/client/inspector/shared/style-change-tracker.js", 67))
TypeError: parent is null: canMutationImpactCurrentStyles@resource://devtools/client/inspector/shared/style-change-tracker.js:67:24
onMutations@resource://devtools/client/inspector/shared/style-change-tracker.js:84:41
_emit@resource://devtools/shared/event-emitter.js:226:34
emit@resource://devtools/shared/event-emitter.js:172:18
emit@resource://devtools/shared/event-emitter.js:324:18
getMutations@resource://devtools/client/fronts/walker.js:406:10

console.error: (new TypeError("parent is null", "resource://devtools/client/inspector/shared/style-change-tracker.js", 67))
TypeError: parent is null: canMutationImpactCurrentStyles@resource://devtools/client/inspector/shared/
###!!! [Child][RunMessage] Error: Channel closing: too late to send/recv, messages will be lost

[Parent 16900, Gecko_IOThread] WARNING: file /builds/worker/checkouts/gecko/ipc/chromium/src/base/process_util_win.cc, line 166
1600226381465	Marionette	INFO	Stopped listening on port 55101

###!!! [Child][RunMessage] Error: Channel closing: too late to send/recv, messages will be lost


###!!! [Child][MessageChannel::SendAndWait] Error: Channel error: cannot send/recv

5664	Marionette	INFO	Stopped listening on port 54636

###!!! [Child][RunMessage] Error: Channel closing: too late to send/recv, messages will be lost


###!!! [Child][MessageChannel::SendAndWait] Error: Channel error: cannot send/recv

les/sessionstore/SessionFile.jsm:375:15\n_initWorker@resource:///modules/sessionstore/SessionFile.jsm:368:12\n_postToWorker@resource:///modules/sessionstore/SessionFile.jsm:410:16\nwrite@resource:///modules/sessionstore/SessionFile.jsm:448:24\nwrite@resource:///modules/sessionstore/SessionFile.jsm:75:32\n_writeState@resource:///modules/sessionstore/SessionSaver.jsm:360:24\n_saveState@resource:///modules/sessionstore/SessionSaver.jsm:294:17\n_saveStateAsync@resource:///modules/sessionstore/SessionSaver.jsm:344:10\nsaveStateAsyncWhenIdle@resource:///modules/sessionstore/SessionSaver.jsm:191:14\ncallback@resource://gre/modules/Timer.jsm:127:16\n"
1600226287980	Marionette	INFO	Listening on port 55201
1600226290087	Marionette	WARN	TLS certificate errors will be ignored for this session
JavaScript error: , line 0: TypeError: NetworkError when attempting to fetch resource.
JavaScript error: , line 0: TypeError: NetworkError when attempting to fetch resource.
1600226380955	Marionette	INFO	Stopped listening on port 55201

###!!! [Child][MessageChannel::SendAndWait] Error: Channel error: cannot send/recv

firefox.exe" "--marionette" "-foreground" "-no-remote" "-profile" "C:\\Users\\yuvraj\\AppData\\Local\\Temp\\rust_mozprofileVWHTSC"
JavaScript error: resource://gre/modules/XULStore.jsm, line 66: Error: Can't find profile directory.
console.error: SearchCache: "_readCacheFile: Error reading cache file:" (new Error("", "(unknown module)"))
1600226331263	Marionette	INFO	Listening on port 55309
1600226331525	Marionette	WARN	TLS certificate errors will be ignored for this session
JavaScript error: chrome://marionette/content/proxy.js, line 222: TypeError: this.browser.driver.dialogObserver is null
JavaScript error: chrome://marionette/content/proxy.js, line 222: TypeError: this.browser.driver.dialogObserver is null

###!!! [Child][RunMessage] Error: Channel closing: too late to send/recv, messages will be lost


###!!! [Child][RunMessage] Error: Channel closing: too late to send/recv, messages will be lost

[Parent 15612, Gecko_IOThread] WARNING: file /builds/worker/checkouts/gecko/ipc/chromium/src/base/process_util_win.cc, line 166
[Parent 15612, Gecko_IOThread] WARNING: file /builds/worker/checkouts/gecko/ipc/chromium/src/base/process_util_win.cc, line 166
1600226381714	Marionette	INFO	Stopped listening on port 55309

###!!! [Child][RunMessage] Error: Channel closing: too late to send/recv, messages will be lost


###!!! [Child][MessageChannel::SendAndWait] Error: Channel error: cannot send/recv

1600226385139	geckodriver	INFO	Listening on 127.0.0.1:55400
1600226388227	mozrunner::runner	INFO	Running command: "C:\\Program Files\\Mozilla Firefox\\firefox.exe" "--marionette" "-foreground" "-no-remote" "-profile" "C:\\Users\\yuvraj\\AppData\\Local\\Temp\\rust_mozprofileOQdjpg"
JavaScript error: resource://gre/modules/XULStore.jsm, line 66: Error: Can't find profile directory.
console.error: SearchCache: "_readCacheFile: Error reading cache file:" (new Error("", "(unknown module)"))
1600226393865	Marionette	INFO	Listening on port 55408
1600226394022	Marionette	WARN	TLS certificate errors will be ignored for this session

###!!! [Child][RunMessage] Error: Channel closing: too late to send/recv, messages will be lost


###!!! [Child][RunMessage] Error: Channel closing: too late to send/recv, messages will be lost

[Parent 20552, Gecko_IOThread] WARNING: file /builds/worker/checkouts/gecko/ipc/chromium/src/base/process_util_win.cc, line 166
console.error: (new Error("SessionFile is closed", "resource:///modules/sessionstore/SessionFile.jsm", 433))
1600227056621	Marionette	INFO	Stopped listening on port 55408

###!!! [Child][MessageChannel::SendAndWait] Error: Channel error: cannot send/recv

e errors will be ignored for this session
JavaScript error: , line 0: TypeError: NetworkError when attempting to fetch resource.
JavaScript error: , line 0: TypeError: NetworkError when attempting to fetch resource.
1600227038758	addons.xpi	ERROR	System addon update list error Error: Failed downloading XML, status: 0, reason: error
[Parent 22552, Gecko_IOThread] WARNING: file /builds/worker/checkouts/gecko/ipc/chromium/src/base/process_util_win.cc, line 166
console.error: (new Error("SessionFile is closed", "resource:///modules/sessionstore/SessionFile.jsm", 433))
1600227056895	Marionette	INFO	Stopped listening on port 55490

###!!! [Child][RunMessage] Error: Channel closing: too late to send/recv, messages will be lost


###!!! [Child][MessageChannel::SendAndWait] Error: Channel error: cannot send/recv

gnored for this session
JavaScript error: , line 0: TypeError: NetworkError when attempting to fetch resource.
JavaScript error: , line 0: TypeError: NetworkError when attempting to fetch resource.
[Parent 16940, Gecko_IOThread] WARNING: file /builds/worker/checkouts/gecko/ipc/chromium/src/base/process_util_win.cc, line 166
console.error: (new Error("SessionFile is closed", "resource:///modules/sessionstore/SessionFile.jsm", 433))
1600227056657	Marionette	INFO	Stopped listening on port 55594

###!!! [Child][RunMessage] Error: Channel closing: too late to send/recv, messages will be lost


###!!! [Child][MessageChannel::SendAndWait] Error: Channel error: cannot send/recv


1600226522903	Marionette	INFO	Listening on port 55680
1600226523337	Marionette	WARN	TLS certificate errors will be ignored for this session
JavaScript error: , line 0: TypeError: NetworkError when attempting to fetch resource.
JavaScript error: , line 0: TypeError: NetworkError when attempting to fetch resource.

###!!! [Parent][RunMessage] Error: Channel error: cannot send/recv

console.error: services.settings: 
  main/normandy-recipes-capabilities Signature failed  TypeError: NetworkError when attempting to fetch resource.
console.error: services.settings: 
  Message: TypeError: NetworkError when attempting to fetch resource.
  Stack:
    _validateCollectionSignature@resource://services-settings/RemoteSettingsClient.jsm:829:36
_importChanges@resource://services-settings/RemoteSettingsClient.jsm:927:20

console.warn: services.settings: main/messaging-experiments sync interrupted by shutdown
console.warn: services.settings: main/whats-new-panel sync interrupted by shutdown
console.warn: services.settings: security-state/onecrl sync interrupted by shutdown
console.warn: services.settings: blocklists/addons-bloomfilters sync interrupted by shutdown
console.warn: services.settings: main/cfr sync interrupted by shutdown
console.warn: services.settings: main/search-config sync inte[Parent 17784, Gecko_IOThread] WARNING: file /builds/worker/checkouts/gecko/ipc/chromium/src/base/process_util_win.cc, line 166
console.error: (new Error("SessionFile is closed", "resource:///modules/sessionstore/SessionFile.jsm", 433))
1600227056663	Marionette	INFO	Stopped listening on port 55782

###!!! [Child][MessageChannel::SendAndWait] Error: Channel error: cannot send/recv

ervices.settings: main/search-default-override-allowlist sync interrupted by shutdown
console.warn: services.settings: main/url-classifier-skip[Parent 12220, Gecko_IOThread] WARNING: file /builds/worker/checkouts/gecko/ipc/chromium/src/base/process_util_win.cc, line 166
console.error: (new Error("SessionFile is closed", "resource:///modules/sessionstore/SessionFile.jsm", 433))
1600227056603	Marionette	INFO	Stopped listening on port 55873

###!!! [Child][MessageChannel::SendAndWait] Error: Channel error: cannot send/recv

08, Gecko_IOThread] WARNING: file /builds/worker/checkouts/gecko/ipc/chromium/src/base/process_util_win.cc, line 166
console.error: (new Error("SessionFile is closed", "resource:///modules/sessionstore/SessionFile.jsm", 433))
1600227056896	Marionette	INFO	Stopped listening on port 55680

###!!! [Child][RunMessage] Error: Channel closing: too late to send/recv, messages will be lost


###!!! [Child][MessageChannel::SendAndWait] Error: Channel error: cannot send/recv

name=PBackgroundStorage::Msg_Observe) Channel error: cannot send/recv

[Parent 23444, Gecko_IOThread] WARNING: file /builds/worker/checkouts/gecko/ipc/chromium/src/base/process_util_win.cc, line 166
console.error: (new Error("SessionFile is closed", "resource:///modules/sessionstore/SessionFile.jsm", 433))
1600227056768	Marionette	INFO	Stopped listening on port 56027

###!!! [Child][MessageChannel::SendAndWait] Error: Channel error: cannot send/recv

	Listening on port 56118
1600226838674	Marionette	WARN	TLS certificate errors will be ignored for this session

###!!! [Child][RunMessage] Error: Channel closing: too late to send/recv, messages will be lost


###!!! [Child][RunMessage] Error: Channel closing: too late to send/recv, messages will be lost

[Parent 19784, Gecko_IOThread] WARNING: file /builds/worker/checkouts/gecko/ipc/chromium/src/base/process_util_win.cc, line 166
console.error: (new Error("SessionFile is closed", "resource:///modules/sessionstore/SessionFile.jsm", 433))
1600227056674	Marionette	INFO	Stopped listening on port 56118

###!!! [Child][MessageChannel::SendAndWait] Error: Channel error: cannot send/recv

e errors will be ignored for this session
JavaScript error: , line 0: TypeError: NetworkError when attempting to fetch resource.
JavaScript error: , line 0: TypeError: NetworkError when attempting to fetch resource.
[Parent 20424, Gecko_IOThread] WARNING: file /builds/worker/checkouts/gecko/ipc/chromium/src/base/process_util_win.cc, line 166
console.error: (new Error("SessionFile is closed", "resource:///modules/sessionstore/SessionFile.jsm", 433))
1600227056631	Marionette	INFO	Stopped listening on port 56191

###!!! [Child][MessageChannel::SendAndWait] Error: Channel error: cannot send/recv

e.error: SearchCache: "_readCacheFile: Error reading cache file:" (new Error("", "(unknown module)"))
1600226899557	Marionette	INFO	Listening on port 56301
1600226901060	Marionette	WARN	TLS certificate errors will be ignored for this session
JavaScript error: , line 0: TypeError: NetworkError when attempting to fetch resource.
JavaScript error: , line 0: TypeError: NetworkError when attempting to fetch resource.
JavaScript error: chrome://marionette/content/proxy.js, line 222: TypeError: this.browser.driver.dialogObserver is null
JavaScript error: chrome://marionette/content/proxy.js, line 222: TypeError: this.browser.driver.dialogObserver is null

###!!! [Parent][MessageChannel] Error: (msgtype=0x1D0011,name=PBackgroundStorage::Msg_Observe) Channel error: cannot send/recv

[Parent 22324, Gecko_IOThread] WARNING: file /builds/worker/checkouts/gecko/ipc/chromium/src/base/process_util_win.cc, line 166
console.error: (new Error("SessionFile is closed", "resource:///modules/sessionstore/SessionFile.jsm", 433))
1600227056774	Marionette	INFO	Stopped listening on port 56301

###!!! [Child][RunMessage] Error: Channel closing: too late to send/recv, messages will be lost


###!!! [Child][MessageChannel::SendAndWait] Error: Channel error: cannot send/recv

 [Parent][MessageChannel] Error: (msgtype=0x59000E,name=PHttpBackgroundChannel::Msg___delete__) Channel error: cannot send/recv


###!!! [Parent][RunMessage] Error: Channel error: cannot send/recv

[Parent 22956, Gecko_IOThread] WARNING: file /builds/worker/checkouts/gecko/ipc/chromium/src/base/process_util_win.cc, line 166
console.error: (new Error("SessionFile is closed", "resource:///modules/sessionstore/SessionFile.jsm", 433))
1600227056265	Marionette	INFO	Stopped listening on port 56447

###!!! [Child][RunMessage] Error: Channel closing: too late to send/recv, messages will be lost

ource.
JavaScript error: , line 0: TypeError: NetworkError when attempting to fetch resource.
[Child 12496, Chrome_ChildThread] WARNING: pipe error: 232: file /builds/worker/checkouts/gecko/ipc/chromium/src/chrome/common/ipc_channel_win.cc, line 545
[Child 12496, Chrome_ChildThread] WARNING: pipe error: 232: file /builds/worker/checkouts/gecko/ipc/chromium/src/chrome/common/ipc_channel_win.cc, line 545
[Parent 15908, Gecko_IOThread] WARNING: file /builds/worker/checkouts/gecko/ipc/chromium/src/base/process_util_win.cc, line 166
console.error: (new Error("SessionFile is closed", "resource:///modules/sessionstore/SessionFile.jsm", 433))
1600227057009	Marionette	INFO	Stopped listening on port 56537
JavaScript error: resource://gre/modules/osfile/osfile_async_front.jsm, line 446: Error: OS.File has been shut down. Rejecting request to writeAtomic

###!!! [Child][MessageChannel::SendAndWait] Error: Channel error: cannot send/recv

1600227068195	geckodriver	INFO	Listening on 127.0.0.1:56643
1600227071487	mozrunner::runner	INFO	Running command: "C:\\Program Files\\Mozilla Firefox\\firefox.exe" "--marionette" "-foreground" "-no-remote" "-profile" "C:\\Users\\yuvraj\\AppData\\Local\\Temp\\rust_mozprofileXmloPJ"
JavaScript error: resource://gre/modules/XULStore.jsm, line 66: Error: Can't find profile directory.
console.error: SearchCache: "_readCacheFile: Error reading cache file:" (new Error("", "(unknown module)"))
1600227079148	Marionette	INFO	Listening on port 56651
1600227079372	Marionette	WARN	TLS certificate errors will be ignored for this session
JavaScript error: , line 0: TypeError: NetworkError when attempting to fetch resource.
JavaScript error: , line 0: TypeError: NetworkError when attempting to fetch resource.
[Parent 19628, Gecko_IOThread] WARNING: file /builds/worker/checkouts/gecko/ipc/chromium/src/base/process_util_win.cc, line 166
1600227159748	Marionette	INFO	Stopped listening on port 56651

###!!! [Child][RunMessage] Error: Channel closing: too late to send/recv, messages will be lost


###!!! [Child][MessageChannel::SendAndWait] Error: Channel error: cannot send/recv

.
console.error: SearchCache: "_readCacheFile: Error reading cache file:" (new Error("", "(unknown module)"))
1600227104415	Marionette	INFO	Listening on port 56735
1600227104883	Marionette	WARN	TLS certificate errors will be ignored for this session
console.error: Region.jsm: "Error fetching region" (new AbortError("The operation was aborted. ", (void 0), 689))
console.error: Region.jsm: "Failed to fetch region" (new Error("NO_RESULT", "resource://gre/modules/Region.jsm", 343))
JavaScript error: , line 0: TypeError: NetworkError when attempting to fetch resource.
1600227159747	Marionette	INFO	Stopped listening on port 56735

###!!! [Child][MessageChannel::SendAndWait] Error: Channel error: cannot send/recv

1600227373076	geckodriver	INFO	Listening on 127.0.0.1:56935
1600227376141	mozrunner::runner	INFO	Running command: "C:\\Program Files\\Mozilla Firefox\\firefox.exe" "--marionette" "-foreground" "-no-remote" "-profile" "C:\\Users\\yuvraj\\AppData\\Local\\Temp\\rust_mozprofilel8KbSG"
JavaScript error: resource://gre/modules/XULStore.jsm, line 66: Error: Can't find profile directory.
console.error: SearchCache: "_readCacheFile: Error reading cache file:" (new Error("", "(unknown module)"))
1600227379732	Marionette	INFO	Listening on port 56945
1600227379824	Marionette	WARN	TLS certificate errors will be ignored for this session
console.error: (new Error("SessionFile is closed", "resource:///modules/sessionstore/SessionFile.jsm", 433))
1600229917365	Marionette	INFO	Stopped listening on port 56945

###!!! [Child][RunMessage] Error: Channel closing: too late to send/recv, messages will be lost


###!!! [Child][MessageChannel::SendAndWait] Error: Channel error: cannot send/recv

d profile directory.
console.error: SearchCache: "_readCacheFile: Error reading cache file:" (new Error("", "(unknown module)"))
1600227395664	Marionette	INFO	Listening on port 57028
1600227395903	Marionette	WARN	TLS certificate errors will be ignored for this session
JavaScript error: , line 0: TypeError: NetworkError when attempting to fetch resource.
JavaScript error: , line 0: TypeError: NetworkError when attempting to fetch resource.
console.warn: LoginRecipes: "getRecipes: falling back to a synchronous message for:" "https://accounts.google.com"
console.error: (new TypeError("parent is null", "resource://devtools/client/inspector/shared/style-change-tracker.js", 67))
TypeError: parent is null: canMutationImpactCurrentStyles@resource://devtools/client/inspector/shared/style-change-tracker.js:67:24
onMutations@resource://devtools/client/inspector/shared/style-change-tracker.js:84:41
_emit@resource://devtools/shared/event-emitter.js:226:34
emit@resource://devtools/shared/event-emitter.js:172:18
emit@resource://devtools/shared/event-emitter.js:324:18
getMutations@resource://devtools/client/fronts/walker.js:406:10

JavaScript error: resource://gre/actors/BrowserElementParent.jsm, line 314: TypeError: state is undefined
JavaScript error: resource://gre/actors/BrowserElementParent.jsm, line 314: TypeError: state is undefined
1600229953146	Marionette	INFO	Stopped listening on port 57028
JavaScript error: resource:///modules/sessionstore/SessionStore.jsm, line 5324: NS_ERROR_UNEXPECTED: Component returned failure code: 0x8000ffff (NS_ERROR_UNEXPECTED) [nsIWindowMediator.getEnumerator]

###!!! [Child][MessageChannel::SendAndWait] Error: Channel error: cannot send/recv

ction
A content process crashed and MOZ_CRASHREPORTER_SHUTDOWN is set, shutting down
[Parent 16312, Gecko_IOThread] WARNING: file /builds/worker/checkouts/gecko/ipc/chromium/src/base/process_util_win.cc, line 166
[Parent 16312, Gecko_IOThread] WARNING: file /builds/worker/checkouts/gecko/ipc/chromium/src/base/process_util_win.cc, line 166
console.error: (new Error("SessionFile is closed", "resource:///modules/sessionstore/SessionFile.jsm", 433))
1600229945175	Marionette	INFO	Stopped listening on port 57211

###!!! [Child][RunMessage] Error: Channel closing: too late to send/recv, messages will be lost

empting to fetch resource.
console.warn: LoginRecipes: "getRecipes: falling back to a synchronous message for:" "https://www.facebook.com"
console.warn: LoginRecipes: "getRecipes: falling back to a synchronous message for:" "https://www.facebook.com"
[Child 8544, Chrome_ChildThread] WARNING: pipe error: 232: file /builds/worker/checkouts/gecko/ipc/chromium/src/chrome/common/ipc_channel_win.cc, line 545
JavaScript error: resource:///modules/WindowsJumpLists.jsm, line 315: TypeError: this._builder is undefined
console.error: (new Error("SessionFile is closed", "resource:///modules/sessionstore/SessionFile.jsm", 433))
JavaScript error: resource:///moduJavaScript error: resource://gre/actors/BrowserElementParent.jsm, line 314: TypeError: state is undefined
JavaScript error: resource://gre/actors/BrowserElementParent.jsm, line 314: TypeError: state is undefined
console.error: (new Error("SessionFile is closed", "resource:///modules/sessionstore/SessionFile.jsm", 433))
WARNING: At least one completion condition is taking too long to complete. Conditions: [{"name":"TelemetryController: shutting down","state":{"initialized":true,"initStarted":true,"haveDelayedInitTask":false,"shutdownBarrier":"Not started","connectionsBarrier":"Not started","sendModule":{"sendingEnabled":false,"pendingPingRequestCount":0,"pendingPingActivityCount":0,"unpersistedPingCount":0,"persistedPingCount":0,"schedulerState":{"shutdown":true,"hasSendTask":false,"sendsFailed":false,"sendTaskState":"bail out - no pings to send","backoffDelay":60000}},"haveDelayedNewProfileTask":false},"filename":"resource://gre/modules/TelemetryControllerParent.jsm","lineNumber":850,"stack":["resource://gre/modules/TelemetryControllerParent.jsm:setupTelemetry:850","resource://gre/modules/TelemetryControllerParent.jsm:observe:960","resource://gre/modules/TelemetryControllerParent.jsm:observe:154","resource://gre/modules/TelemetryStartup.jsm:TelemetryStartup.prototype.observe:31"]}] Barrier: profile-before-change-telemetry
1600229943599	Marionette	INFO	Stopped listening on port 57464

###!!! [Child][MessageChannel::SendAndWait] Error: Channel error: cannot send/recv

s:406:10

console.error: "Error while calling actor 'pagestyle's method 'getLayout'" "node is null"
console.error: "getLayout@resource://devtools/server/actors/styles.js:1012:5\nhandler@resource://devtools/shared/protocol/Actor.js:162:3JavaScript error: resource://gre/actors/BrowserElementParent.jsm, line 314: TypeError: state is undefined
JavaScript error: resource://gre/actors/BrowserElementParent.jsm, line 314: TypeError: state is undefined
A content process crashed and MOZ_CRASHREPORTER_SHUTDOWN is set, shutting down
console.error: (new Error("SessionFile is closed", "resource:///modules/sessionstore/SessionFile.jsm", 433))
1600229918981	Marionette	INFO	Stopped listening on port 57733

###!!! [Child][MessageChannel::SendAndWait] Error: Channel error: cannot send/recv

es@resource://devtools/client/inspector/shared/style-change-tracker.js:67:24
onMutations@resource://devtools/client/inspector/shared/style-change-tracker.js:84:41
_emit@resource://devtools/shared/event-emitter.js:226:34
emit@resource://devtools/shared/eJavaScript error: resource://gre/actors/BrowserElementParent.jsm, line 314: TypeError: state is undefined
JavaScript error: resource://gre/actors/B[GFX1-]: Killing GPU process due to IPC reply timeout

###!!! [Child][RunMessage] Error: Channel error: cannot send/recv


###!!! [Child][RunMessage] Error: Channel error: cannot send/recv


###!!! [Parent][RunMessage] Error: Channel error: cannot send/recv


###!!! [Parent][RunMessage] Error: Channel error: cannot send/recv


###!!! [Parent][RunMessage] Error: Channel error: cannot send/recv


###!!! [Parent][RunMessage] Error: Channel error: cannot send/recv

JavaScript error: resource://gre/actors/BrowserElementParent.jsm, line 314: TypeError: state is undefined
JavaScript error: resource://gre/actors/BrowserElementParent.jsm, line 314: TypeError: state is undefined

###!!! [Child][RunMessage] Error: Channel error: cannot send/recv


###!!! [Parent][RunMessage] Error: Channel error: cannot send/recv


###!!! [Parent][RunMessage] Error: Channel error: cannot send/recv

[GFX1-]: Receive IPC close with reason=AbnormalShutdown

###!!! [Child][MessageChannel] Error: (msgtype=0x370004,name=PCompositorManager::Msg_RemoveSharedSurface) Channel error: cannot send/recv


###!!! [Child][RunMessage] Error: Channel error: cannot send/recv


###!!! [Child][RunMessage] Error: Channel error: cannot send/recv


###!!! [Child][RunMessage] Error: Channel error: cannot send/recv


###!!! [Child][RunMessage] Error: Channel error: cannot send/recv


###!!! [Child][RunMessage] Error: Channel error: cannot send/recv


###!!! [Child][RunMessage] Error: Channel error: cannot send/recv


###!!! [Child][RunMessage] Error: Channel error: cannot send/recv


###!!! [Child][RunMessage] Error: Channel error: cannot send/recv


###!!! [Child][RunMessage] Error: Channel error: cannot send/recv


###!!! [ChildA content process crashed and MOZ_CRASHREPORTER_SHUTDOWN is set, shutting down
[Parent 20124, Gecko_IOThread] WARNING: pipe error: 232: file /builds/worker/checkouts/gecko/ipc/chromium/src/chrome/common/ipc_channel_win.cc, line 545
[Parent 20124, Gecko_IOThread] WARNING: file /builds/worker/checkouts/gecko/ipc/chromium/src/base/process_util_win.cc, line 166
[Parent 20124, Gecko_IOThread] WARNING: file /builds/worker/checkouts/gecko/ipc/chromium/src/base/process_util_win.cc, line 166
console.error: (new Error("SessionFile is closed", "resource:///modules/sessionstore/SessionFile.jsm", 433))
1600229953287	Marionette	INFO	Stopped listening on port 58101

###!!! [Child][MessageChannel::SendAndWait] Error: Channel error: cannot send/recv

send/recv


###!!! [Child][RunMessage] Error: Channel error: cannot send/recv


###!!! [Parent][MessageChannel] Error: (msgtype=0x530014,name=PGPU::Msg_RemoveLayerTreeIdMaJavaScript error: resource://gre/actors/BrowserElementParent.jsm, line 314: TypeError: state is undefined

###!!! [Parent][RunMessage] Error: Channel error: cannot send/recv


###!!! [Parent][RunMessage] Error: Channel error: cannot send/recv

JavaScript error: resource://gre/actors/BrowserElementParent.jsm, line 314: TypeError: state is undefined

###!!! [Child][RunMessage] Error: Channel error: cannot send/recv


###!!! [Parent][RunMessage] Error: Channel error: cannot send/recv


###!!! [Parent][RunMessage] Error: Channel error: cannot send/recv


###!!! [Child][RunMessage] E[GFX1-]: Receive IPC close with reason=AbnormalShutdown
[GFX1-]: Failed to connect GPU process
[GFX1-]: Receive IPC close with reason=AbnormalShutdown
[Child 22232, ImageBridgeChld] WARNING: failed to create pipe: 2: file /builds/worker/checkouts/gecko/ipc/chromium/src/chrome/common/ipc_channel_win.cc, line 238
[Child 15088, ImageBridgeChld] WARNING: failed to create pipe: 2: file[Parent 16652, Main Thread] WARNING: base::KillProcess refusing to terminate process handle 0: file /builds/worker/checkouts/gecko/ipc/chromium/src/base/process_util_win.cc, line 401

###!!! [Child][MessageChannel] Error: (msgtype=0xB40023,name=PWebRenderBridge::Msg_Shutdown) Channel error: cannot send/recv


###!!! [Child][MessageChannel::SendAndWait] Error: (msgtype=0x36001B,name=PCompositorBridge::Msg_WillClose) Channel error: cannot send/recv

[GFX1-]: Receive IPC close with reason=AbnormalShutdown
A content process crashed and MOZ_CRASHREPORTER_SHUTDOWN is set, shutting down
[GFX1-]: shader-cache: Timed out before finishing loads
[2020-09-16T04:19:09Z ERROR webrender_bindings::program_cache] shader-cache: Timed out before finishing loads
A content1600229950442	Marionette	INFO	Stopped listening on port 57577
g down
console.error: (new Error("SessionFile is closed", "resource:///modules/sessionstore/SessionFile.jsm", 433))
[Parent 16652, Gecko_IOThread] WARNING: file /builds/worker/checkouts/gecko/ipc/chromium/src/base/process_util_win.cc, line 166
[Parent 16652, Gecko_IOThread] WARNING: file /builds/worker/checkouts/gecko/ipc/chromium/src/base/process_util_win.cc, line 166
1600229960290	Marionette	INFO	Stopped listening on port 58260

###!!! [Child][RunMessage] Error: Channel closing: too late to send/recv, messages will be lost

n statement
JavaScript warning: https://static.xx.fbcdn.net/rsrc.php/v3/y0/r/gm_kA6YJj4Q.js?_nc_x=ZiEzL600Svw, line 44: unreachable code after return statement

###!!! [Child][MessageChannel] Error: (msgtype=0x6A0029,name=PNecko::Msg_RemoveRequestContext) Channel closing: too late to send/recv, messages will be lost

[Parent 25224, Gecko_IOThread] WARNING: file /builds/worker/checkouts/gecko/ipc/chromium/src/base/process_util_win.cc, line 166
console.error: (new Error("SessionFile is closed", "resource:///modules/sessionstore/SessionFile.jsm", 433))
1600229841415	Marionette	INFO	Stopped listening on port 59362

###!!! [Child][RunMessage] Error: Channel closing: too late to send/recv, messages will be lost


###!!! [Child][MessageChannel::SendAndWait] Error: Channel error: cannot send/recv

, line 0: TypeError: NetworkError when attempting to fetch resource.
JavaScript error: , line 0: TypeError: NetworkError when attempting to fetch resource.
console.warn: LoginRecipes: "getRecipes: falling back to a synchronous message for:" "https://www.facebook.com"
[Parent 25664, Gecko_IOThread] WARNING: file /builds/worker/checkouts/gecko/ipc/chromium/src/base/process_util_win.cc, line 166
console.error: (new Error("SessionFile is closed", "resource:///modules/sessionstore/SessionFile.jsm", 433))
1600229841256	Marionette	INFO	Stopped listening on port 59482

###!!! [Child][RunMessage] Error: Channel closing: too late to send/recv, messages will be lost


###!!! [Child][MessageChannel::SendAndWait] Error: Channel error: cannot send/recv

l be ignored for this session
JavaScript error: , line 0: TypeError: NetworkError when attempting to fetch resource.

###!!! [Child][RunMessage] Error: Channel closing: too late to send/recv, messages will be lost

[Parent 27076, Gecko_IOThread] WARNING: file /builds/worker/checkouts/gecko/ipc/chromium/src/base/process_util_win.cc, line 166
console.error: (new Error("SessionFile is closed", "resource:///modules/sessionstore/SessionFile.jsm", 433))
1600229841141	Marionette	INFO	Stopped listening on port 59606

###!!! [Child][RunMessage] Error: Channel closing: too late to send/recv, messages will be lost


###!!! [Child][MessageChannel::SendAndWait] Error: Channel error: cannot send/recv

e errors will be ignored for this session
JavaScript error: , line 0: TypeError: NetworkError when attempting to fetch resource.
JavaScript error: , line 0: TypeError: NetworkError when attempting to fetch resource.
JavaScript warning: https://static.xx.fbcdn.net/rsrc.php/v3/y0/r/gm_kA6YJj4Q.js?_nc_x=ZiEzL600Svw, line 44: unreachable code after return statement
JavaScript warning: https://static.xx.fbcdn.net/rsrc.php/v3/y0/r/gm_kA6YJj4Q.js?_nc_x=ZiEzL600Svw, line 44: unreachable code after return statement
JavaScript warning: https://static.xx.fbcdn.net/rsrc.php/v3/y0/r/gm_kA6YJj4Q.js?_nc_x=ZiEzL600Svw, line 44: unreachable code after return statement
[Parent 26052, Gecko_IOThread] WARNING: file /builds/worker/checkouts/gecko/ipc/chromium/src/base/process_util_win.cc, line 166
1600229805565	Marionette	INFO	Stopped listening on port 59709

###!!! [Child][MessageChannel::SendAndWait] Error: Channel error: cannot send/recv

Script error: , line 0: TypeError: NetworkError when attempting to fetch resource.
JavaScript warning: https://static.xx.fbcdn.net/rsrc.php/v3/y0/r/gm_kA6YJj4Q.js?_nc_x=ZiEzL600Svw, line 44: unreachable code after return statement
JavaScript warning: https://static.xx.fbcdn.net/rsrc.php/v3/y0/r/gm_kA6YJj4Q.js?_nc_x=ZiEzL600Svw, line 44: unreachable code after return statement
JavaScript warning: https://static.xx.fbcdn.net/rsrc.php/v3/y0/r/gm_kA6YJj4Q.js?_nc_x=ZiEzL600Svw, line 44: unreachable code after return statement
1600229805582	Marionette	INFO	Stopped listening on port 59800

###!!! [Child][MessageChannel::SendAndWait] Error: Channel error: cannot send/recv

JavaScript error: resource://gre/modules/osfile/osfile_async_front.jsm, line 426: Error: OS.File has been shut down. Rejecting post to stat
